# JRE version: Java(TM) SE Runtime Environment (8.0_172-b11) (build 1.8.0_172-b11)
# Java VM: Java HotSpot(TM) 64-Bit Server VM (25.172-b11 mixed mode windows-amd64 compressed oops)
Heap:
 PSYoungGen      total 232960K, used 14653K [0x00000000e5580000, 0x00000000f5980000, 0x0000000100000000)
  eden space 219648K, 6% used [0x00000000e5580000,0x00000000e63cf7e0,0x00000000f2c00000)
  from space 13312K, 0% used [0x00000000f3a80000,0x00000000f3a80000,0x00000000f4780000)
  to   space 14848K, 0% used [0x00000000f2c00000,0x00000000f2c00000,0x00000000f3a80000)
 ParOldGen       total 63488K, used 29282K [0x00000000b0000000, 0x00000000b3e00000, 0x00000000e5580000)
  object space 63488K, 46% used [0x00000000b0000000,0x00000000b1c989a8,0x00000000b3e00000)
 Metaspace       used 39407K, capacity 41434K, committed 41600K, reserved 1087488K
  class space    used 5348K, capacity 5757K, committed 5760K, reserved 1048576K
GC Heap History (10 events):
Event: 10.024 GC heap before
{Heap before GC invocations=11 (full 1):
 PSYoungGen      total 171008K, used 171001K [0x00000000e5580000, 0x00000000f4780000, 0x0000000100000000)
  eden space 161792K, 100% used [0x00000000e5580000,0x00000000ef380000,0x00000000ef380000)
  from space 9216K, 99% used [0x00000000ef380000,0x00000000efc7e4b8,0x00000000efc80000)
  to   space 13312K, 0% used [0x00000000f3a80000,0x00000000f3a80000,0x00000000f4780000)
 ParOldGen       total 33280K, used 13129K [0x00000000b0000000, 0x00000000b2080000, 0x00000000e5580000)
  object space 33280K, 39% used [0x00000000b0000000,0x00000000b0cd25b0,0x00000000b2080000)
 Metaspace       used 32815K, capacity 34440K, committed 34560K, reserved 1079296K
  class space    used 4513K, capacity 4842K, committed 4864K, reserved 1048576K
Event: 10.052 GC heap after
Heap after GC invocations=11 (full 1):
 PSYoungGen      total 232960K, used 12489K [0x00000000e5580000, 0x00000000f5980000, 0x0000000100000000)
  eden space 219648K, 0% used [0x00000000e5580000,0x00000000e5580000,0x00000000f2c00000)
  from space 13312K, 93% used [0x00000000f3a80000,0x00000000f46b2488,0x00000000f4780000)
  to   space 14848K, 0% used [0x00000000f2c00000,0x00000000f2c00000,0x00000000f3a80000)
 ParOldGen       total 33280K, used 18619K [0x00000000b0000000, 0x00000000b2080000, 0x00000000e5580000)
  object space 33280K, 55% used [0x00000000b0000000,0x00000000b122ee78,0x00000000b2080000)
 Metaspace       used 32815K, capacity 34440K, committed 34560K, reserved 1079296K
  class space    used 4513K, capacity 4842K, committed 4864K, reserved 1048576K
}
Event: 10.501 GC heap before
{Heap before GC invocations=12 (full 1):
 PSYoungGen      total 232960K, used 76126K [0x00000000e5580000, 0x00000000f5980000, 0x0000000100000000)
  eden space 219648K, 28% used [0x00000000e5580000,0x00000000e93a5388,0x00000000f2c00000)
  from space 13312K, 93% used [0x00000000f3a80000,0x00000000f46b2488,0x00000000f4780000)
  to   space 14848K, 0% used [0x00000000f2c00000,0x00000000f2c00000,0x00000000f3a80000)
 ParOldGen       total 33280K, used 18619K [0x00000000b0000000, 0x00000000b2080000, 0x00000000e5580000)
  object space 33280K, 55% used [0x00000000b0000000,0x00000000b122ee78,0x00000000b2080000)
 Metaspace       used 33732K, capacity 35344K, committed 35456K, reserved 1079296K
  class space    used 4616K, capacity 4946K, committed 4992K, reserved 1048576K
Event: 10.523 GC heap after
Heap after GC invocations=12 (full 1):
 PSYoungGen      total 234496K, used 2202K [0x00000000e5580000, 0x00000000f5980000, 0x0000000100000000)
  eden space 219648K, 0% used [0x00000000e5580000,0x00000000e5580000,0x00000000f2c00000)
  from space 14848K, 14% used [0x00000000f2c00000,0x00000000f2e26a58,0x00000000f3a80000)
  to   space 13312K, 0% used [0x00000000f3a80000,0x00000000f3a80000,0x00000000f4780000)
 ParOldGen       total 33280K, used 27309K [0x00000000b0000000, 0x00000000b2080000, 0x00000000e5580000)
  object space 33280K, 82% used [0x00000000b0000000,0x00000000b1aab610,0x00000000b2080000)
 Metaspace       used 33732K, capacity 35344K, committed 35456K, reserved 1079296K
  class space    used 4616K, capacity 4946K, committed 4992K, reserved 1048576K
}
Event: 10.523 GC heap before
{Heap before GC invocations=13 (full 2):
 PSYoungGen      total 234496K, used 2202K [0x00000000e5580000, 0x00000000f5980000, 0x0000000100000000)
  eden space 219648K, 0% used [0x00000000e5580000,0x00000000e5580000,0x00000000f2c00000)
  from space 14848K, 14% used [0x00000000f2c00000,0x00000000f2e26a58,0x00000000f3a80000)
  to   space 13312K, 0% used [0x00000000f3a80000,0x00000000f3a80000,0x00000000f4780000)
 ParOldGen       total 33280K, used 27309K [0x00000000b0000000, 0x00000000b2080000, 0x00000000e5580000)
  object space 33280K, 82% used [0x00000000b0000000,0x00000000b1aab610,0x00000000b2080000)
 Metaspace       used 33732K, capacity 35344K, committed 35456K, reserved 1079296K
  class space    used 4616K, capacity 4946K, committed 4992K, reserved 1048576K
Event: 10.663 GC heap after
Heap after GC invocations=13 (full 2):
 PSYoungGen      total 234496K, used 0K [0x00000000e5580000, 0x00000000f5980000, 0x0000000100000000)
  eden space 219648K, 0% used [0x00000000e5580000,0x00000000e5580000,0x00000000f2c00000)
  from space 14848K, 0% used [0x00000000f2c00000,0x00000000f2c00000,0x00000000f3a80000)
  to   space 13312K, 0% used [0x00000000f3a80000,0x00000000f3a80000,0x00000000f4780000)
 ParOldGen       total 63488K, used 21668K [0x00000000b0000000, 0x00000000b3e00000, 0x00000000e5580000)
  object space 63488K, 34% used [0x00000000b0000000,0x00000000b1529238,0x00000000b3e00000)
 Metaspace       used 33732K, capacity 35344K, committed 35456K, reserved 1079296K
  class space    used 4616K, capacity 4946K, committed 4992K, reserved 1048576K
}
Event: 12.766 GC heap before
{Heap before GC invocations=14 (full 2):
 PSYoungGen      total 234496K, used 149456K [0x00000000e5580000, 0x00000000f5980000, 0x0000000100000000)
  eden space 219648K, 68% used [0x00000000e5580000,0x00000000ee774038,0x00000000f2c00000)
  from space 14848K, 0% used [0x00000000f2c00000,0x00000000f2c00000,0x00000000f3a80000)
  to   space 13312K, 0% used [0x00000000f3a80000,0x00000000f3a80000,0x00000000f4780000)
 ParOldGen       total 63488K, used 21668K [0x00000000b0000000, 0x00000000b3e00000, 0x00000000e5580000)
  object space 63488K, 34% used [0x00000000b0000000,0x00000000b1529238,0x00000000b3e00000)
 Metaspace       used 38951K, capacity 40944K, committed 41088K, reserved 1089536K
  class space    used 5271K, capacity 5666K, committed 5760K, reserved 1048576K
Event: 12.781 GC heap after
Heap after GC invocations=14 (full 2):
 PSYoungGen      total 232960K, used 9124K [0x00000000e5580000, 0x00000000f5980000, 0x0000000100000000)
  eden space 219648K, 0% used [0x00000000e5580000,0x00000000e5580000,0x00000000f2c00000)
  from space 13312K, 68% used [0x00000000f3a80000,0x00000000f4369038,0x00000000f4780000)
  to   space 14848K, 0% used [0x00000000f2c00000,0x00000000f2c00000,0x00000000f3a80000)
 ParOldGen       total 63488K, used 21676K [0x00000000b0000000, 0x00000000b3e00000, 0x00000000e5580000)
  object space 63488K, 34% used [0x00000000b0000000,0x00000000b152b238,0x00000000b3e00000)
 Metaspace       used 38951K, capacity 40944K, committed 41088K, reserved 1089536K
  class space    used 5271K, capacity 5666K, committed 5760K, reserved 1048576K
}
Event: 12.781 GC heap before
{Heap before GC invocations=15 (full 3):
 PSYoungGen      total 232960K, used 9124K [0x00000000e5580000, 0x00000000f5980000, 0x0000000100000000)
  eden space 219648K, 0% used [0x00000000e5580000,0x00000000e5580000,0x00000000f2c00000)
  from space 13312K, 68% used [0x00000000f3a80000,0x00000000f4369038,0x00000000f4780000)
  to   space 14848K, 0% used [0x00000000f2c00000,0x00000000f2c00000,0x00000000f3a80000)
 ParOldGen       total 63488K, used 21676K [0x00000000b0000000, 0x00000000b3e00000, 0x00000000e5580000)
  object space 63488K, 34% used [0x00000000b0000000,0x00000000b152b238,0x00000000b3e00000)
 Metaspace       used 38951K, capacity 40944K, committed 41088K, reserved 1089536K
  class space    used 5271K, capacity 5666K, committed 5760K, reserved 1048576K
Event: 13.015 GC heap after
Heap after GC invocations=15 (full 3):
 PSYoungGen      total 232960K, used 0K [0x00000000e5580000, 0x00000000f5980000, 0x0000000100000000)
  eden space 219648K, 0% used [0x00000000e5580000,0x00000000e5580000,0x00000000f2c00000)
  from space 13312K, 0% used [0x00000000f3a80000,0x00000000f3a80000,0x00000000f4780000)
  to   space 14848K, 0% used [0x00000000f2c00000,0x00000000f2c00000,0x00000000f3a80000)
 ParOldGen       total 63488K, used 29282K [0x00000000b0000000, 0x00000000b3e00000, 0x00000000e5580000)
  object space 63488K, 46% used [0x00000000b0000000,0x00000000b1c989a8,0x00000000b3e00000)
 Metaspace       used 38951K, capacity 40944K, committed 41088K, reserved 1087488K
  class space    used 5271K, capacity 5666K, committed 5760K, reserved 1048576K
}

