# JRE version: Java(TM) SE Runtime Environment (8.0_172-b11) (build 1.8.0_172-b11)
# Java VM: Java HotSpot(TM) 64-Bit Server VM (25.172-b11 mixed mode windows-amd64 compressed oops)
Heap:
 PSYoungGen      total 229376K, used 15308K [0x00000000e5580000, 0x00000000f4980000, 0x0000000100000000)
  eden space 212480K, 7% used [0x00000000e5580000,0x00000000e64732c8,0x00000000f2500000)
  from space 16896K, 0% used [0x00000000f2500000,0x00000000f2500000,0x00000000f3580000)
  to   space 15872K, 0% used [0x00000000f3a00000,0x00000000f3a00000,0x00000000f4980000)
 ParOldGen       total 33792K, used 32864K [0x00000000b0000000, 0x00000000b2100000, 0x00000000e5580000)
  object space 33792K, 97% used [0x00000000b0000000,0x00000000b2018088,0x00000000b2100000)
 Metaspace       used 51760K, capacity 54346K, committed 54656K, reserved 1101824K
  class space    used 7201K, capacity 7686K, committed 7808K, reserved 1048576K
GC Heap History (10 events):
Event: 12.880 GC heap before
{Heap before GC invocations=19 (full 5):
 PSYoungGen      total 229376K, used 48976K [0x00000000e5580000, 0x00000000f5880000, 0x0000000100000000)
  eden space 214528K, 22% used [0x00000000e5580000,0x00000000e85543e0,0x00000000f2700000)
  from space 14848K, 0% used [0x00000000f2700000,0x00000000f2700000,0x00000000f3580000)
  to   space 13312K, 0% used [0x00000000f3580000,0x00000000f3580000,0x00000000f4280000)
 ParOldGen       total 33792K, used 24525K [0x00000000b0000000, 0x00000000b2100000, 0x00000000e5580000)
  object space 33792K, 72% used [0x00000000b0000000,0x00000000b17f3408,0x00000000b2100000)
 Metaspace       used 44181K, capacity 46110K, committed 46592K, reserved 1095680K
  class space    used 6086K, capacity 6473K, committed 6656K, reserved 1048576K
Event: 12.885 GC heap after
Heap after GC invocations=19 (full 5):
 PSYoungGen      total 225792K, used 1469K [0x00000000e5580000, 0x00000000f4f00000, 0x0000000100000000)
  eden space 212480K, 0% used [0x00000000e5580000,0x00000000e5580000,0x00000000f2500000)
  from space 13312K, 11% used [0x00000000f3580000,0x00000000f36ef6e8,0x00000000f4280000)
  to   space 16896K, 0% used [0x00000000f2500000,0x00000000f2500000,0x00000000f3580000)
 ParOldGen       total 33792K, used 24533K [0x00000000b0000000, 0x00000000b2100000, 0x00000000e5580000)
  object space 33792K, 72% used [0x00000000b0000000,0x00000000b17f5408,0x00000000b2100000)
 Metaspace       used 44181K, capacity 46110K, committed 46592K, reserved 1095680K
  class space    used 6086K, capacity 6473K, committed 6656K, reserved 1048576K
}
Event: 12.885 GC heap before
{Heap before GC invocations=20 (full 6):
 PSYoungGen      total 225792K, used 1469K [0x00000000e5580000, 0x00000000f4f00000, 0x0000000100000000)
  eden space 212480K, 0% used [0x00000000e5580000,0x00000000e5580000,0x00000000f2500000)
  from space 13312K, 11% used [0x00000000f3580000,0x00000000f36ef6e8,0x00000000f4280000)
  to   space 16896K, 0% used [0x00000000f2500000,0x00000000f2500000,0x00000000f3580000)
 ParOldGen       total 33792K, used 24533K [0x00000000b0000000, 0x00000000b2100000, 0x00000000e5580000)
  object space 33792K, 72% used [0x00000000b0000000,0x00000000b17f5408,0x00000000b2100000)
 Metaspace       used 44181K, capacity 46110K, committed 46592K, reserved 1095680K
  class space    used 6086K, capacity 6473K, committed 6656K, reserved 1048576K
Event: 13.031 GC heap after
Heap after GC invocations=20 (full 6):
 PSYoungGen      total 225792K, used 0K [0x00000000e5580000, 0x00000000f4f00000, 0x0000000100000000)
  eden space 212480K, 0% used [0x00000000e5580000,0x00000000e5580000,0x00000000f2500000)
  from space 13312K, 0% used [0x00000000f3580000,0x00000000f3580000,0x00000000f4280000)
  to   space 16896K, 0% used [0x00000000f2500000,0x00000000f2500000,0x00000000f3580000)
 ParOldGen       total 33792K, used 25327K [0x00000000b0000000, 0x00000000b2100000, 0x00000000e5580000)
  object space 33792K, 74% used [0x00000000b0000000,0x00000000b18bbde8,0x00000000b2100000)
 Metaspace       used 44181K, capacity 46110K, committed 46592K, reserved 1093632K
  class space    used 6086K, capacity 6473K, committed 6656K, reserved 1048576K
}
Event: 14.007 GC heap before
{Heap before GC invocations=21 (full 6):
 PSYoungGen      total 225792K, used 70221K [0x00000000e5580000, 0x00000000f4f00000, 0x0000000100000000)
  eden space 212480K, 33% used [0x00000000e5580000,0x00000000e9a13768,0x00000000f2500000)
  from space 13312K, 0% used [0x00000000f3580000,0x00000000f3580000,0x00000000f4280000)
  to   space 16896K, 0% used [0x00000000f2500000,0x00000000f2500000,0x00000000f3580000)
 ParOldGen       total 33792K, used 25327K [0x00000000b0000000, 0x00000000b2100000, 0x00000000e5580000)
  object space 33792K, 74% used [0x00000000b0000000,0x00000000b18bbde8,0x00000000b2100000)
 Metaspace       used 48990K, capacity 51196K, committed 51328K, reserved 1099776K
  class space    used 6750K, capacity 7223K, committed 7296K, reserved 1048576K
Event: 14.016 GC heap after
Heap after GC invocations=21 (full 6):
 PSYoungGen      total 229376K, used 6042K [0x00000000e5580000, 0x00000000f4980000, 0x0000000100000000)
  eden space 212480K, 0% used [0x00000000e5580000,0x00000000e5580000,0x00000000f2500000)
  from space 16896K, 35% used [0x00000000f2500000,0x00000000f2ae6ac8,0x00000000f3580000)
  to   space 15872K, 0% used [0x00000000f3a00000,0x00000000f3a00000,0x00000000f4980000)
 ParOldGen       total 33792K, used 25327K [0x00000000b0000000, 0x00000000b2100000, 0x00000000e5580000)
  object space 33792K, 74% used [0x00000000b0000000,0x00000000b18bbde8,0x00000000b2100000)
 Metaspace       used 48990K, capacity 51196K, committed 51328K, reserved 1099776K
  class space    used 6750K, capacity 7223K, committed 7296K, reserved 1048576K
}
Event: 14.016 GC heap before
{Heap before GC invocations=22 (full 7):
 PSYoungGen      total 229376K, used 6042K [0x00000000e5580000, 0x00000000f4980000, 0x0000000100000000)
  eden space 212480K, 0% used [0x00000000e5580000,0x00000000e5580000,0x00000000f2500000)
  from space 16896K, 35% used [0x00000000f2500000,0x00000000f2ae6ac8,0x00000000f3580000)
  to   space 15872K, 0% used [0x00000000f3a00000,0x00000000f3a00000,0x00000000f4980000)
 ParOldGen       total 33792K, used 25327K [0x00000000b0000000, 0x00000000b2100000, 0x00000000e5580000)
  object space 33792K, 74% used [0x00000000b0000000,0x00000000b18bbde8,0x00000000b2100000)
 Metaspace       used 48990K, capacity 51196K, committed 51328K, reserved 1099776K
  class space    used 6750K, capacity 7223K, committed 7296K, reserved 1048576K
Event: 14.122 GC heap after
Heap after GC invocations=22 (full 7):
 PSYoungGen      total 229376K, used 0K [0x00000000e5580000, 0x00000000f4980000, 0x0000000100000000)
  eden space 212480K, 0% used [0x00000000e5580000,0x00000000e5580000,0x00000000f2500000)
  from space 16896K, 0% used [0x00000000f2500000,0x00000000f2500000,0x00000000f3580000)
  to   space 15872K, 0% used [0x00000000f3a00000,0x00000000f3a00000,0x00000000f4980000)
 ParOldGen       total 33792K, used 30200K [0x00000000b0000000, 0x00000000b2100000, 0x00000000e5580000)
  object space 33792K, 89% used [0x00000000b0000000,0x00000000b1d7e0b8,0x00000000b2100000)
 Metaspace       used 48990K, capacity 51196K, committed 51328K, reserved 1097728K
  class space    used 6750K, capacity 7223K, committed 7296K, reserved 1048576K
}
Event: 15.196 GC heap before
{Heap before GC invocations=23 (full 8):
 PSYoungGen      total 229376K, used 110443K [0x00000000e5580000, 0x00000000f4980000, 0x0000000100000000)
  eden space 212480K, 51% used [0x00000000e5580000,0x00000000ec15aec8,0x00000000f2500000)
  from space 16896K, 0% used [0x00000000f2500000,0x00000000f2500000,0x00000000f3580000)
  to   space 15872K, 0% used [0x00000000f3a00000,0x00000000f3a00000,0x00000000f4980000)
 ParOldGen       total 33792K, used 30200K [0x00000000b0000000, 0x00000000b2100000, 0x00000000e5580000)
  object space 33792K, 89% used [0x00000000b0000000,0x00000000b1d7e0b8,0x00000000b2100000)
 Metaspace       used 51654K, capacity 54264K, committed 54400K, reserved 1103872K
  class space    used 7183K, capacity 7681K, committed 7808K, reserved 1048576K
Event: 15.315 GC heap after
Heap after GC invocations=23 (full 8):
 PSYoungGen      total 229376K, used 0K [0x00000000e5580000, 0x00000000f4980000, 0x0000000100000000)
  eden space 212480K, 0% used [0x00000000e5580000,0x00000000e5580000,0x00000000f2500000)
  from space 16896K, 0% used [0x00000000f2500000,0x00000000f2500000,0x00000000f3580000)
  to   space 15872K, 0% used [0x00000000f3a00000,0x00000000f3a00000,0x00000000f4980000)
 ParOldGen       total 33792K, used 32864K [0x00000000b0000000, 0x00000000b2100000, 0x00000000e5580000)
  object space 33792K, 97% used [0x00000000b0000000,0x00000000b2018088,0x00000000b2100000)
 Metaspace       used 51650K, capacity 54258K, committed 54400K, reserved 1101824K
  class space    used 7182K, capacity 7680K, committed 7808K, reserved 1048576K
}

