# JRE version: Java(TM) SE Runtime Environment (8.0_172-b11) (build 1.8.0_172-b11)
# Java VM: Java HotSpot(TM) 64-Bit Server VM (25.172-b11 mixed mode windows-amd64 compressed oops)
Heap:
 PSYoungGen      total 267264K, used 19435K [0x00000000e5580000, 0x00000000f6700000, 0x0000000100000000)
  eden space 255488K, 7% used [0x00000000e5580000,0x00000000e687ae08,0x00000000f4f00000)
  from space 11776K, 0% used [0x00000000f5b80000,0x00000000f5b80000,0x00000000f6700000)
  to   space 12288K, 0% used [0x00000000f4f00000,0x00000000f4f00000,0x00000000f5b00000)
 ParOldGen       total 37376K, used 22124K [0x00000000b0000000, 0x00000000b2480000, 0x00000000e5580000)
  object space 37376K, 59% used [0x00000000b0000000,0x00000000b159b110,0x00000000b2480000)
 Metaspace       used 39196K, capacity 41084K, committed 41600K, reserved 1089536K
  class space    used 5316K, capacity 5692K, committed 5760K, reserved 1048576K
GC Heap History (10 events):
Event: 11.718 GC heap before
{Heap before GC invocations=27 (full 9):
 PSYoungGen      total 259584K, used 0K [0x00000000e5580000, 0x00000000f6800000, 0x0000000100000000)
  eden space 252416K, 0% used [0x00000000e5580000,0x00000000e5580000,0x00000000f4c00000)
  from space 7168K, 0% used [0x00000000f6100000,0x00000000f6100000,0x00000000f6800000)
  to   space 14336K, 0% used [0x00000000f4c00000,0x00000000f4c00000,0x00000000f5a00000)
 ParOldGen       total 37376K, used 22454K [0x00000000b0000000, 0x00000000b2480000, 0x00000000e5580000)
  object space 37376K, 60% used [0x00000000b0000000,0x00000000b15ed820,0x00000000b2480000)
 Metaspace       used 38798K, capacity 40632K, committed 41088K, reserved 1093632K
  class space    used 5245K, capacity 5586K, committed 5760K, reserved 1048576K
Event: 11.861 GC heap after
Heap after GC invocations=27 (full 9):
 PSYoungGen      total 259584K, used 0K [0x00000000e5580000, 0x00000000f6800000, 0x0000000100000000)
  eden space 252416K, 0% used [0x00000000e5580000,0x00000000e5580000,0x00000000f4c00000)
  from space 7168K, 0% used [0x00000000f6100000,0x00000000f6100000,0x00000000f6800000)
  to   space 14336K, 0% used [0x00000000f4c00000,0x00000000f4c00000,0x00000000f5a00000)
 ParOldGen       total 37376K, used 22220K [0x00000000b0000000, 0x00000000b2480000, 0x00000000e5580000)
  object space 37376K, 59% used [0x00000000b0000000,0x00000000b15b32f8,0x00000000b2480000)
 Metaspace       used 38713K, capacity 40494K, committed 41088K, reserved 1089536K
  class space    used 5232K, capacity 5563K, committed 5760K, reserved 1048576K
}
Event: 11.862 GC heap before
{Heap before GC invocations=28 (full 9):
 PSYoungGen      total 259584K, used 6058K [0x00000000e5580000, 0x00000000f6800000, 0x0000000100000000)
  eden space 252416K, 2% used [0x00000000e5580000,0x00000000e5b6a848,0x00000000f4c00000)
  from space 7168K, 0% used [0x00000000f6100000,0x00000000f6100000,0x00000000f6800000)
  to   space 14336K, 0% used [0x00000000f4c00000,0x00000000f4c00000,0x00000000f5a00000)
 ParOldGen       total 37376K, used 22220K [0x00000000b0000000, 0x00000000b2480000, 0x00000000e5580000)
  object space 37376K, 59% used [0x00000000b0000000,0x00000000b15b32f8,0x00000000b2480000)
 Metaspace       used 38713K, capacity 40494K, committed 41088K, reserved 1095680K
  class space    used 5232K, capacity 5563K, committed 5760K, reserved 1048576K
Event: 11.863 GC heap after
Heap after GC invocations=28 (full 9):
 PSYoungGen      total 266752K, used 64K [0x00000000e5580000, 0x00000000f6800000, 0x0000000100000000)
  eden space 252416K, 0% used [0x00000000e5580000,0x00000000e5580000,0x00000000f4c00000)
  from space 14336K, 0% used [0x00000000f4c00000,0x00000000f4c10000,0x00000000f5a00000)
  to   space 12800K, 0% used [0x00000000f5b80000,0x00000000f5b80000,0x00000000f6800000)
 ParOldGen       total 37376K, used 22220K [0x00000000b0000000, 0x00000000b2480000, 0x00000000e5580000)
  object space 37376K, 59% used [0x00000000b0000000,0x00000000b15b32f8,0x00000000b2480000)
 Metaspace       used 38713K, capacity 40494K, committed 41088K, reserved 1095680K
  class space    used 5232K, capacity 5563K, committed 5760K, reserved 1048576K
}
Event: 11.863 GC heap before
{Heap before GC invocations=29 (full 10):
 PSYoungGen      total 266752K, used 64K [0x00000000e5580000, 0x00000000f6800000, 0x0000000100000000)
  eden space 252416K, 0% used [0x00000000e5580000,0x00000000e5580000,0x00000000f4c00000)
  from space 14336K, 0% used [0x00000000f4c00000,0x00000000f4c10000,0x00000000f5a00000)
  to   space 12800K, 0% used [0x00000000f5b80000,0x00000000f5b80000,0x00000000f6800000)
 ParOldGen       total 37376K, used 22220K [0x00000000b0000000, 0x00000000b2480000, 0x00000000e5580000)
  object space 37376K, 59% used [0x00000000b0000000,0x00000000b15b32f8,0x00000000b2480000)
 Metaspace       used 38713K, capacity 40494K, committed 41088K, reserved 1095680K
  class space    used 5232K, capacity 5563K, committed 5760K, reserved 1048576K
Event: 11.922 GC heap after
Heap after GC invocations=29 (full 10):
 PSYoungGen      total 266752K, used 0K [0x00000000e5580000, 0x00000000f6800000, 0x0000000100000000)
  eden space 252416K, 0% used [0x00000000e5580000,0x00000000e5580000,0x00000000f4c00000)
  from space 14336K, 0% used [0x00000000f4c00000,0x00000000f4c00000,0x00000000f5a00000)
  to   space 12800K, 0% used [0x00000000f5b80000,0x00000000f5b80000,0x00000000f6800000)
 ParOldGen       total 37376K, used 22125K [0x00000000b0000000, 0x00000000b2480000, 0x00000000e5580000)
  object space 37376K, 59% used [0x00000000b0000000,0x00000000b159b6b8,0x00000000b2480000)
 Metaspace       used 38713K, capacity 40494K, committed 41088K, reserved 1089536K
  class space    used 5232K, capacity 5563K, committed 5760K, reserved 1048576K
}
Event: 11.922 GC heap before
{Heap before GC invocations=30 (full 10):
 PSYoungGen      total 266752K, used 0K [0x00000000e5580000, 0x00000000f6800000, 0x0000000100000000)
  eden space 252416K, 0% used [0x00000000e5580000,0x00000000e5580000,0x00000000f4c00000)
  from space 14336K, 0% used [0x00000000f4c00000,0x00000000f4c00000,0x00000000f5a00000)
  to   space 12800K, 0% used [0x00000000f5b80000,0x00000000f5b80000,0x00000000f6800000)
 ParOldGen       total 37376K, used 22125K [0x00000000b0000000, 0x00000000b2480000, 0x00000000e5580000)
  object space 37376K, 59% used [0x00000000b0000000,0x00000000b159b6b8,0x00000000b2480000)
 Metaspace       used 38713K, capacity 40494K, committed 41088K, reserved 1093632K
  class space    used 5232K, capacity 5563K, committed 5760K, reserved 1048576K
Event: 11.923 GC heap after
Heap after GC invocations=30 (full 10):
 PSYoungGen      total 267264K, used 0K [0x00000000e5580000, 0x00000000f6700000, 0x0000000100000000)
  eden space 255488K, 0% used [0x00000000e5580000,0x00000000e5580000,0x00000000f4f00000)
  from space 11776K, 0% used [0x00000000f5b80000,0x00000000f5b80000,0x00000000f6700000)
  to   space 12288K, 0% used [0x00000000f4f00000,0x00000000f4f00000,0x00000000f5b00000)
 ParOldGen       total 37376K, used 22125K [0x00000000b0000000, 0x00000000b2480000, 0x00000000e5580000)
  object space 37376K, 59% used [0x00000000b0000000,0x00000000b159b6b8,0x00000000b2480000)
 Metaspace       used 38713K, capacity 40494K, committed 41088K, reserved 1093632K
  class space    used 5232K, capacity 5563K, committed 5760K, reserved 1048576K
}
Event: 11.923 GC heap before
{Heap before GC invocations=31 (full 11):
 PSYoungGen      total 267264K, used 0K [0x00000000e5580000, 0x00000000f6700000, 0x0000000100000000)
  eden space 255488K, 0% used [0x00000000e5580000,0x00000000e5580000,0x00000000f4f00000)
  from space 11776K, 0% used [0x00000000f5b80000,0x00000000f5b80000,0x00000000f6700000)
  to   space 12288K, 0% used [0x00000000f4f00000,0x00000000f4f00000,0x00000000f5b00000)
 ParOldGen       total 37376K, used 22125K [0x00000000b0000000, 0x00000000b2480000, 0x00000000e5580000)
  object space 37376K, 59% used [0x00000000b0000000,0x00000000b159b6b8,0x00000000b2480000)
 Metaspace       used 38713K, capacity 40494K, committed 41088K, reserved 1093632K
  class space    used 5232K, capacity 5563K, committed 5760K, reserved 1048576K
Event: 11.983 GC heap after
Heap after GC invocations=31 (full 11):
 PSYoungGen      total 267264K, used 0K [0x00000000e5580000, 0x00000000f6700000, 0x0000000100000000)
  eden space 255488K, 0% used [0x00000000e5580000,0x00000000e5580000,0x00000000f4f00000)
  from space 11776K, 0% used [0x00000000f5b80000,0x00000000f5b80000,0x00000000f6700000)
  to   space 12288K, 0% used [0x00000000f4f00000,0x00000000f4f00000,0x00000000f5b00000)
 ParOldGen       total 37376K, used 22124K [0x00000000b0000000, 0x00000000b2480000, 0x00000000e5580000)
  object space 37376K, 59% used [0x00000000b0000000,0x00000000b159b110,0x00000000b2480000)
 Metaspace       used 38713K, capacity 40494K, committed 41088K, reserved 1089536K
  class space    used 5232K, capacity 5563K, committed 5760K, reserved 1048576K
}

