# JRE version: Java(TM) SE Runtime Environment (8.0_172-b11) (build 1.8.0_172-b11)
# Java VM: Java HotSpot(TM) 64-Bit Server VM (25.172-b11 mixed mode windows-amd64 compressed oops)
Heap:
 PSYoungGen      total 223232K, used 150824K [0x00000000e5580000, 0x00000000f4e80000, 0x0000000100000000)
  eden space 209920K, 71% used [0x00000000e5580000,0x00000000ee8ca2b8,0x00000000f2280000)
  from space 13312K, 0% used [0x00000000f3300000,0x00000000f3300000,0x00000000f4000000)
  to   space 16896K, 0% used [0x00000000f2280000,0x00000000f2280000,0x00000000f3300000)
 ParOldGen       total 33792K, used 25103K [0x00000000b0000000, 0x00000000b2100000, 0x00000000e5580000)
  object space 33792K, 74% used [0x00000000b0000000,0x00000000b1883cd0,0x00000000b2100000)
 Metaspace       used 51544K, capacity 54168K, committed 54272K, reserved 1097728K
  class space    used 7170K, capacity 7665K, committed 7680K, reserved 1048576K
GC Heap History (10 events):
Event: 13.339 GC heap before
{Heap before GC invocations=15 (full 2):
 PSYoungGen      total 225280K, used 71711K [0x00000000e5580000, 0x00000000f5600000, 0x0000000100000000)
  eden space 211968K, 27% used [0x00000000e5580000,0x00000000e8e8b108,0x00000000f2480000)
  from space 13312K, 99% used [0x00000000f3300000,0x00000000f3ffceb8,0x00000000f4000000)
  to   space 14848K, 0% used [0x00000000f2480000,0x00000000f2480000,0x00000000f3300000)
 ParOldGen       total 33792K, used 23961K [0x00000000b0000000, 0x00000000b2100000, 0x00000000e5580000)
  object space 33792K, 70% used [0x00000000b0000000,0x00000000b1766650,0x00000000b2100000)
 Metaspace       used 48426K, capacity 50518K, committed 50688K, reserved 1097728K
  class space    used 6672K, capacity 7112K, committed 7168K, reserved 1048576K
Event: 13.358 GC heap after
Heap after GC invocations=15 (full 2):
 PSYoungGen      total 226816K, used 4723K [0x00000000e5580000, 0x00000000f5600000, 0x0000000100000000)
  eden space 211968K, 0% used [0x00000000e5580000,0x00000000e5580000,0x00000000f2480000)
  from space 14848K, 31% used [0x00000000f2480000,0x00000000f291cd40,0x00000000f3300000)
  to   space 13312K, 0% used [0x00000000f3300000,0x00000000f3300000,0x00000000f4000000)
 ParOldGen       total 33792K, used 32241K [0x00000000b0000000, 0x00000000b2100000, 0x00000000e5580000)
  object space 33792K, 95% used [0x00000000b0000000,0x00000000b1f7c6a0,0x00000000b2100000)
 Metaspace       used 48426K, capacity 50518K, committed 50688K, reserved 1097728K
  class space    used 6672K, capacity 7112K, committed 7168K, reserved 1048576K
}
Event: 13.358 GC heap before
{Heap before GC invocations=16 (full 3):
 PSYoungGen      total 226816K, used 4723K [0x00000000e5580000, 0x00000000f5600000, 0x0000000100000000)
  eden space 211968K, 0% used [0x00000000e5580000,0x00000000e5580000,0x00000000f2480000)
  from space 14848K, 31% used [0x00000000f2480000,0x00000000f291cd40,0x00000000f3300000)
  to   space 13312K, 0% used [0x00000000f3300000,0x00000000f3300000,0x00000000f4000000)
 ParOldGen       total 33792K, used 32241K [0x00000000b0000000, 0x00000000b2100000, 0x00000000e5580000)
  object space 33792K, 95% used [0x00000000b0000000,0x00000000b1f7c6a0,0x00000000b2100000)
 Metaspace       used 48426K, capacity 50518K, committed 50688K, reserved 1097728K
  class space    used 6672K, capacity 7112K, committed 7168K, reserved 1048576K
Event: 13.699 GC heap after
Heap after GC invocations=16 (full 3):
 PSYoungGen      total 226816K, used 0K [0x00000000e5580000, 0x00000000f5600000, 0x0000000100000000)
  eden space 211968K, 0% used [0x00000000e5580000,0x00000000e5580000,0x00000000f2480000)
  from space 14848K, 0% used [0x00000000f2480000,0x00000000f2480000,0x00000000f3300000)
  to   space 13312K, 0% used [0x00000000f3300000,0x00000000f3300000,0x00000000f4000000)
 ParOldGen       total 33792K, used 33024K [0x00000000b0000000, 0x00000000b2100000, 0x00000000e5580000)
  object space 33792K, 97% used [0x00000000b0000000,0x00000000b2040200,0x00000000b2100000)
 Metaspace       used 48426K, capacity 50518K, committed 50688K, reserved 1095680K
  class space    used 6672K, capacity 7112K, committed 7168K, reserved 1048576K
}
Event: 13.704 GC heap before
{Heap before GC invocations=17 (full 4):
 PSYoungGen      total 226816K, used 8736K [0x00000000e5580000, 0x00000000f5600000, 0x0000000100000000)
  eden space 211968K, 4% used [0x00000000e5580000,0x00000000e5e083b8,0x00000000f2480000)
  from space 14848K, 0% used [0x00000000f2480000,0x00000000f2480000,0x00000000f3300000)
  to   space 13312K, 0% used [0x00000000f3300000,0x00000000f3300000,0x00000000f4000000)
 ParOldGen       total 33792K, used 33024K [0x00000000b0000000, 0x00000000b2100000, 0x00000000e5580000)
  object space 33792K, 97% used [0x00000000b0000000,0x00000000b2040200,0x00000000b2100000)
 Metaspace       used 48430K, capacity 50524K, committed 50688K, reserved 1099776K
  class space    used 6674K, capacity 7113K, committed 7168K, reserved 1048576K
Event: 13.788 GC heap after
Heap after GC invocations=17 (full 4):
 PSYoungGen      total 226816K, used 0K [0x00000000e5580000, 0x00000000f5600000, 0x0000000100000000)
  eden space 211968K, 0% used [0x00000000e5580000,0x00000000e5580000,0x00000000f2480000)
  from space 14848K, 0% used [0x00000000f2480000,0x00000000f2480000,0x00000000f3300000)
  to   space 13312K, 0% used [0x00000000f3300000,0x00000000f3300000,0x00000000f4000000)
 ParOldGen       total 33792K, used 29695K [0x00000000b0000000, 0x00000000b2100000, 0x00000000e5580000)
  object space 33792K, 87% used [0x00000000b0000000,0x00000000b1cffdf0,0x00000000b2100000)
 Metaspace       used 48430K, capacity 50524K, committed 50688K, reserved 1095680K
  class space    used 6674K, capacity 7113K, committed 7168K, reserved 1048576K
}
Event: 13.789 GC heap before
{Heap before GC invocations=18 (full 4):
 PSYoungGen      total 226816K, used 0K [0x00000000e5580000, 0x00000000f5600000, 0x0000000100000000)
  eden space 211968K, 0% used [0x00000000e5580000,0x00000000e5580000,0x00000000f2480000)
  from space 14848K, 0% used [0x00000000f2480000,0x00000000f2480000,0x00000000f3300000)
  to   space 13312K, 0% used [0x00000000f3300000,0x00000000f3300000,0x00000000f4000000)
 ParOldGen       total 33792K, used 29695K [0x00000000b0000000, 0x00000000b2100000, 0x00000000e5580000)
  object space 33792K, 87% used [0x00000000b0000000,0x00000000b1cffdf0,0x00000000b2100000)
 Metaspace       used 48430K, capacity 50524K, committed 50688K, reserved 1099776K
  class space    used 6674K, capacity 7113K, committed 7168K, reserved 1048576K
Event: 13.791 GC heap after
Heap after GC invocations=18 (full 4):
 PSYoungGen      total 223232K, used 0K [0x00000000e5580000, 0x00000000f4e80000, 0x0000000100000000)
  eden space 209920K, 0% used [0x00000000e5580000,0x00000000e5580000,0x00000000f2280000)
  from space 13312K, 0% used [0x00000000f3300000,0x00000000f3300000,0x00000000f4000000)
  to   space 16896K, 0% used [0x00000000f2280000,0x00000000f2280000,0x00000000f3300000)
 ParOldGen       total 33792K, used 29695K [0x00000000b0000000, 0x00000000b2100000, 0x00000000e5580000)
  object space 33792K, 87% used [0x00000000b0000000,0x00000000b1cffdf0,0x00000000b2100000)
 Metaspace       used 48430K, capacity 50524K, committed 50688K, reserved 1099776K
  class space    used 6674K, capacity 7113K, committed 7168K, reserved 1048576K
}
Event: 13.791 GC heap before
{Heap before GC invocations=19 (full 5):
 PSYoungGen      total 223232K, used 0K [0x00000000e5580000, 0x00000000f4e80000, 0x0000000100000000)
  eden space 209920K, 0% used [0x00000000e5580000,0x00000000e5580000,0x00000000f2280000)
  from space 13312K, 0% used [0x00000000f3300000,0x00000000f3300000,0x00000000f4000000)
  to   space 16896K, 0% used [0x00000000f2280000,0x00000000f2280000,0x00000000f3300000)
 ParOldGen       total 33792K, used 29695K [0x00000000b0000000, 0x00000000b2100000, 0x00000000e5580000)
  object space 33792K, 87% used [0x00000000b0000000,0x00000000b1cffdf0,0x00000000b2100000)
 Metaspace       used 48430K, capacity 50524K, committed 50688K, reserved 1099776K
  class space    used 6674K, capacity 7113K, committed 7168K, reserved 1048576K
Event: 14.034 GC heap after
Heap after GC invocations=19 (full 5):
 PSYoungGen      total 223232K, used 0K [0x00000000e5580000, 0x00000000f4e80000, 0x0000000100000000)
  eden space 209920K, 0% used [0x00000000e5580000,0x00000000e5580000,0x00000000f2280000)
  from space 13312K, 0% used [0x00000000f3300000,0x00000000f3300000,0x00000000f4000000)
  to   space 16896K, 0% used [0x00000000f2280000,0x00000000f2280000,0x00000000f3300000)
 ParOldGen       total 33792K, used 25103K [0x00000000b0000000, 0x00000000b2100000, 0x00000000e5580000)
  object space 33792K, 74% used [0x00000000b0000000,0x00000000b1883cd0,0x00000000b2100000)
 Metaspace       used 48104K, capacity 50000K, committed 50688K, reserved 1095680K
  class space    used 6623K, capacity 7021K, committed 7168K, reserved 1048576K
}

